<?xml version="1.0" encoding="UTF-8"?>
<!-- Generated by org.testng.reporters.JUnitReportReporter -->
<testsuite hostname="Saras-Air" failures="0" tests="1" name="org.example.loginPageTest" time="2.292" errors="0" timestamp="2024-04-13T00:03:42 EDT" skipped="0">
  <testcase classname="org.example.loginPageTest" name="loginPageTest" time="2.292"/>
</testsuite> <!-- org.example.loginPageTest -->
